<?xml version="1.0" encoding="UTF-8"?>
<coverage generated="1762995731446" clover="3.2.0">
  <project timestamp="1762995731446" name="All files">
    <metrics statements="14" coveredstatements="14" conditionals="6" coveredconditionals="5" methods="8" coveredmethods="8" elements="28" coveredelements="27" complexity="0" loc="14" ncloc="14" packages="1" files="1" classes="1"/>
    <file name="cart.js" path="C:\Users\edxlty\GItHub\carrinho-tdd\src\cart.js">
      <metrics statements="14" coveredstatements="14" conditionals="6" coveredconditionals="5" methods="8" coveredmethods="8"/>
      <line num="2" count="5" type="stmt"/>
      <line num="3" count="5" type="stmt"/>
      <line num="4" count="5" type="stmt"/>
      <line num="5" count="15" type="stmt"/>
      <line num="6" count="1" type="stmt"/>
      <line num="8" count="20" type="stmt"/>
      <line num="11" count="2" type="stmt"/>
      <line num="12" count="2" type="cond" truecount="1" falsecount="1"/>
      <line num="13" count="2" type="cond" truecount="2" falsecount="0"/>
      <line num="14" count="2" type="stmt"/>
      <line num="17" count="3" type="stmt"/>
      <line num="18" count="3" type="cond" truecount="2" falsecount="0"/>
      <line num="21" count="1" type="stmt"/>
      <line num="26" count="1" type="stmt"/>
    </file>
  </project>
</coverage>
