{"C:\\Users\\edxlty\\GItHub\\carrinho-tdd\\src\\cart.js": {"path":"C:\\Users\\edxlty\\GItHub\\carrinho-tdd\\src\\cart.js","statementMap":{"0":{"start":{"line":2,"column":16},"end":{"line":2,"column":18}},"1":{"start":{"line":3,"column":2},"end":{"line":13,"column":4}},"2":{"start":{"line":4,"column":19},"end":{"line":4,"column":39}},"3":{"start":{"line":6,"column":6},"end":{"line":6,"column":52}},"4":{"start":{"line":6,"column":36},"end":{"line":6,"column":47}},"5":{"start":{"line":9,"column":20},"end":{"line":9,"column":58}},"6":{"start":{"line":9,"column":43},"end":{"line":9,"column":54}},"7":{"start":{"line":10,"column":6},"end":{"line":10,"column":62}},"8":{"start":{"line":10,"column":29},"end":{"line":10,"column":62}},"9":{"start":{"line":11,"column":6},"end":{"line":11,"column":19}},"10":{"start":{"line":16,"column":0},"end":{"line":16,"column":32}}},"fnMap":{"0":{"name":"createCart","decl":{"start":{"line":1,"column":9},"end":{"line":1,"column":19}},"loc":{"start":{"line":1,"column":22},"end":{"line":14,"column":1}},"line":1},"1":{"name":"(anonymous_1)","decl":{"start":{"line":4,"column":4},"end":{"line":4,"column":5}},"loc":{"start":{"line":4,"column":17},"end":{"line":4,"column":41}},"line":4},"2":{"name":"(anonymous_2)","decl":{"start":{"line":5,"column":4},"end":{"line":5,"column":5}},"loc":{"start":{"line":5,"column":12},"end":{"line":7,"column":5}},"line":5},"3":{"name":"(anonymous_3)","decl":{"start":{"line":6,"column":26},"end":{"line":6,"column":27}},"loc":{"start":{"line":6,"column":36},"end":{"line":6,"column":47}},"line":6},"4":{"name":"(anonymous_4)","decl":{"start":{"line":8,"column":4},"end":{"line":8,"column":5}},"loc":{"start":{"line":8,"column":24},"end":{"line":12,"column":5}},"line":8},"5":{"name":"(anonymous_5)","decl":{"start":{"line":9,"column":33},"end":{"line":9,"column":34}},"loc":{"start":{"line":9,"column":43},"end":{"line":9,"column":54}},"line":9}},"branchMap":{"0":{"loc":{"start":{"line":10,"column":6},"end":{"line":10,"column":62}},"type":"if","locations":[{"start":{"line":10,"column":6},"end":{"line":10,"column":62}},{"start":{},"end":{}}],"line":10}},"s":{"0":2,"1":2,"2":7,"3":1,"4":2,"5":1,"6":5,"7":1,"8":1,"9":0,"10":1},"f":{"0":2,"1":7,"2":1,"3":2,"4":1,"5":5},"b":{"0":[1,0]},"_coverageSchema":"1a1c01bbd47fc00a2c39e90264f33305004495a9","hash":"0fd7d667719209911319a0d39a5a2d78afd5ecdd"}
}
