{"C:\\Users\\edxlty\\GItHub\\carrinho-tdd\\src\\cart.js": {"path":"C:\\Users\\edxlty\\GItHub\\carrinho-tdd\\src\\cart.js","statementMap":{"0":{"start":{"line":2,"column":16},"end":{"line":2,"column":18}},"1":{"start":{"line":3,"column":2},"end":{"line":8,"column":4}},"2":{"start":{"line":4,"column":19},"end":{"line":4,"column":39}},"3":{"start":{"line":6,"column":6},"end":{"line":6,"column":52}},"4":{"start":{"line":6,"column":36},"end":{"line":6,"column":47}},"5":{"start":{"line":11,"column":0},"end":{"line":11,"column":32}}},"fnMap":{"0":{"name":"createCart","decl":{"start":{"line":1,"column":9},"end":{"line":1,"column":19}},"loc":{"start":{"line":1,"column":22},"end":{"line":9,"column":1}},"line":1},"1":{"name":"(anonymous_1)","decl":{"start":{"line":4,"column":4},"end":{"line":4,"column":5}},"loc":{"start":{"line":4,"column":17},"end":{"line":4,"column":41}},"line":4},"2":{"name":"(anonymous_2)","decl":{"start":{"line":5,"column":4},"end":{"line":5,"column":5}},"loc":{"start":{"line":5,"column":12},"end":{"line":7,"column":5}},"line":5},"3":{"name":"(anonymous_3)","decl":{"start":{"line":6,"column":26},"end":{"line":6,"column":27}},"loc":{"start":{"line":6,"column":36},"end":{"line":6,"column":47}},"line":6}},"branchMap":{},"s":{"0":2,"1":2,"2":7,"3":1,"4":2,"5":1},"f":{"0":2,"1":7,"2":1,"3":2},"b":{},"_coverageSchema":"1a1c01bbd47fc00a2c39e90264f33305004495a9","hash":"9775ae12dc7ec99fd0534b098cd2619b2c1ab27b"}
}
