TN:
SF:src\cart.js
FN:1,createCart
FN:5,(anonymous_1)
FN:6,(anonymous_2)
FN:7,(anonymous_3)
FN:8,(anonymous_4)
FN:10,(anonymous_5)
FN:16,(anonymous_6)
FN:20,(anonymous_7)
FNF:8
FNH:8
FNDA:5,createCart
FNDA:15,(anonymous_1)
FNDA:1,(anonymous_2)
FNDA:6,(anonymous_3)
FNDA:20,(anonymous_4)
FNDA:2,(anonymous_5)
FNDA:3,(anonymous_6)
FNDA:1,(anonymous_7)
DA:2,5
DA:3,5
DA:4,5
DA:5,15
DA:6,1
DA:8,20
DA:11,2
DA:12,2
DA:13,2
DA:14,2
DA:17,3
DA:18,3
DA:21,1
DA:26,1
LF:14
LH:14
BRDA:12,0,0,2
BRDA:12,0,1,0
BRDA:13,1,0,1
BRDA:13,1,1,1
BRDA:18,2,0,2
BRDA:18,2,1,1
BRF:6
BRH:5
end_of_record
